easyPhotos/build/intermediates/manifest_merge_blame_file/debug/manifest-merger-blame-debug-report.txt
1<?xml version="1.0" encoding="utf-8"?>
2<manifest xmlns:android="http://schemas.android.com/apk/res/android"
3    xmlns:tools="http://schemas.android.com/tools"
4    package="com.huantansheng.easyphotos"
5    android:versionCode="1"
6    android:versionName="1.0" >
7
8    <uses-sdk
9        android:minSdkVersion="19"
9-->src/main/AndroidManifest.xml
10        android:targetSdkVersion="26" />
10-->src/main/AndroidManifest.xml
11
12    <uses-permission android:name="android.permission.CAMERA" />
12-->src/main/AndroidManifest.xml:7:5-65
12-->src/main/AndroidManifest.xml:7:22-62
13    <uses-permission android:name="android.permission.READ_EXTERNAL_STORAGE" />
13-->src/main/AndroidManifest.xml:8:5-80
13-->src/main/AndroidManifest.xml:8:22-77
14    <uses-permission android:name="android.permission.WRITE_EXTERNAL_STORAGE" />
14-->src/main/AndroidManifest.xml:9:5-81
14-->src/main/AndroidManifest.xml:9:22-78
15    <uses-permission
15-->src/main/AndroidManifest.xml:10:5-12:47
16        android:name="android.permission.MOUNT_UNMOUNT_FILESYSTEMS"
16-->src/main/AndroidManifest.xml:11:9-68
17        tools:ignore="ProtectedPermissions" />
17-->src/main/AndroidManifest.xml:12:9-44
18
19    <application
19-->src/main/AndroidManifest.xml:15:5-46:19
20        android:allowBackup="true"
20-->src/main/AndroidManifest.xml:16:9-35
21        android:supportsRtl="true" >
21-->src/main/AndroidManifest.xml:17:9-35
22        <activity
22-->src/main/AndroidManifest.xml:18:9-22:54
23            android:name="com.huantansheng.easyphotos.ui.EasyPhotosActivity"
23-->src/main/AndroidManifest.xml:19:13-50
24            android:configChanges="orientation|keyboardHidden|screenSize"
24-->src/main/AndroidManifest.xml:20:13-74
25            android:screenOrientation="portrait"
25-->src/main/AndroidManifest.xml:21:13-49
26            android:theme="@style/EasyPhotosTheme" />
26-->src/main/AndroidManifest.xml:22:13-51
27        <activity
27-->src/main/AndroidManifest.xml:23:9-27:64
28            android:name="com.huantansheng.easyphotos.ui.PreviewActivity"
28-->src/main/AndroidManifest.xml:24:13-47
29            android:configChanges="orientation|keyboardHidden|screenSize"
29-->src/main/AndroidManifest.xml:25:13-74
30            android:screenOrientation="portrait"
30-->src/main/AndroidManifest.xml:26:13-49
31            android:theme="@style/EasyPhotosFullscreenTheme" />
31-->src/main/AndroidManifest.xml:27:13-61
32        <activity
32-->src/main/AndroidManifest.xml:28:9-33:55
33            android:name="com.huantansheng.easyphotos.ui.PuzzleActivity"
33-->src/main/AndroidManifest.xml:29:13-46
34            android:configChanges="orientation|keyboardHidden|screenSize"
34-->src/main/AndroidManifest.xml:30:13-74
35            android:screenOrientation="portrait"
35-->src/main/AndroidManifest.xml:31:13-49
36            android:theme="@style/EasyPhotosTheme"
36-->src/main/AndroidManifest.xml:32:13-51
37            android:windowSoftInputMode="adjustPan" />
37-->src/main/AndroidManifest.xml:33:13-52
38        <activity
38-->src/main/AndroidManifest.xml:35:9-39:54
39            android:name="com.huantansheng.easyphotos.ui.PuzzleSelectorActivity"
39-->src/main/AndroidManifest.xml:36:13-54
40            android:configChanges="orientation|keyboardHidden|screenSize"
40-->src/main/AndroidManifest.xml:37:13-74
41            android:screenOrientation="portrait"
41-->src/main/AndroidManifest.xml:38:13-49
42            android:theme="@style/EasyPhotosTheme" />
42-->src/main/AndroidManifest.xml:39:13-51
43        <activity
43-->src/main/AndroidManifest.xml:41:9-44:63
44            android:name="com.huantansheng.easyphotos.imaging2.IMGEditActivity"
44-->src/main/AndroidManifest.xml:42:13-80
45            android:theme="@style/ImgEditTheme"
45-->src/main/AndroidManifest.xml:43:13-48
46            android:windowSoftInputMode="stateAlwaysHidden" />
46-->src/main/AndroidManifest.xml:44:13-60
47    </application>
48
49</manifest>